Unable to capture context for thread 16228 in process 8884, can not generate back trace
Unable to capture context for thread 14316 in process 8884, can not generate back trace
Exception at PC 0x00007FFE420FBB93
Printing stacktrace...

Exception at PC 0x00007FFE8C203FB8
Exception at PC 0x00007FFE8C203FB8
Exception at PC 0x00007FFE8C203FB8
Exception at PC 0x00007FFE8C203FB8
Exception at PC 0x00007FFE8C203FB8
Exception at PC 0x00007FFE8C203FB8
Exception at PC 0x00007FFE8C203FB8
Exception at PC 0x00007FFE8C203FB8
Exception at PC 0x00007FFE8C203FB8
Exception at PC 0x00007FFE8C203FB8
Exception at PC 0x00007FFE8C203FB8
Exception at PC 0x00007FFE8C203FB8
[0]  [0x00007FFE420FBB93]
[1]  [0x00007FFE420FBB93]
[2]  [0x00007FFE420FB4A1]
[3]  [0x00007FFE420FB3EF]
[4]  [0x00007FFE420E19FE]
[5]  [0x00007FFE420E0ED1]
[6]  [0x00007FFE420E0D76]
[7]  [0x00007FFE420879F6]
[8]  [0x00007FFE42077AFB]
[9]  [0x00007FFE4219E90A]
[10]  [0x00007FFE421B9F87]
[11]  [0x00007FFE421BA05F]
[12] (BaseThreadInitThunk+0x14) [0x00007FFE8C981FE4]
[13] (RtlUserThreadStart+0x21) [0x00007FFE8F3EEF91]
Done
Exception at PC 0x00007FFE8C203FB8
Exception at PC 0x00007FFE8C203FB8
Exception at PC 0x00007FFE8C203FB8
Exception at PC 0x00007FFE8C203FB8
Exception at PC 0x00007FFE8C203FB8
Exception at PC 0x00007FFE8C203FB8
Exception at PC 0x00007FFE8C203FB8
Exception at PC 0x00007FFE8C203FB8
