#-----------------------------------------------------------
# Vivado v2016.4 (64-bit)
# SW Build 1756540 on Mon Jan 23 19:11:23 MST 2017
# IP Build 1755317 on Mon Jan 23 20:30:07 MST 2017
# Start of session at: Tue Jan 02 16:52:57 2018
# Process ID: 2224
# Current directory: C:/Users/luzhe/Desktop/project_1
# Command line: vivado.exe -gui_launcher_event rodinguilauncherevent2200 C:\Users\luzhe\Desktop\project_1\project_1.xpr
# Log file: C:/Users/luzhe/Desktop/project_1/vivado.log
# Journal file: C:/Users/luzhe/Desktop/project_1\vivado.jou
#-----------------------------------------------------------
start_gui
open_project C:/Users/luzhe/Desktop/project_1/project_1.xpr
INFO: [Project 1-313] Project file moved from 'C:/Users/luzhe/Desktop/camera_zybo_01_01/project_1' since last save.
WARNING: [Project 1-312] File not found as 'C:/Users/luzhe/pipeline_withoutcache_new/signext.v'; using path 'C:/Users/luzhe/Desktop/pipeline_withoutcache_new/signext.v' instead.
WARNING: [Project 1-312] File not found as 'C:/Users/luzhe/pipeline_withoutcache_new/regFile.v'; using path 'C:/Users/luzhe/Desktop/pipeline_withoutcache_new/regFile.v' instead.
WARNING: [Project 1-312] File not found as 'C:/Users/luzhe/pipeline_withoutcache_new/memory.v'; using path 'C:/Users/luzhe/Desktop/pipeline_withoutcache_new/memory.v' instead.
WARNING: [Project 1-312] File not found as 'C:/Users/luzhe/pipeline_withoutcache_new/instructionMem.v'; using path 'C:/Users/luzhe/Desktop/pipeline_withoutcache_new/instructionMem.v' instead.
WARNING: [Project 1-312] File not found as 'C:/Users/luzhe/pipeline_withoutcache_new/control.v'; using path 'C:/Users/luzhe/Desktop/pipeline_withoutcache_new/control.v' instead.
WARNING: [Project 1-312] File not found as 'C:/Users/luzhe/pipeline_withoutcache_new/AluCtr.v'; using path 'C:/Users/luzhe/Desktop/pipeline_withoutcache_new/AluCtr.v' instead.
WARNING: [Project 1-312] File not found as 'C:/Users/luzhe/pipeline_withoutcache_new/Alu.v'; using path 'C:/Users/luzhe/Desktop/pipeline_withoutcache_new/Alu.v' instead.
WARNING: [Project 1-312] File not found as 'C:/Users/luzhe/pipeline_withoutcache_new/multiMips.v'; using path 'C:/Users/luzhe/Desktop/pipeline_withoutcache_new/multiMips.v' instead.
Scanning sources...
Finished scanning sources
WARNING: [Project 1-312] File not found as 'C:/Users/luzhe/pipeline_withoutcache_new/signext.v'; using path 'C:/Users/luzhe/Desktop/pipeline_withoutcache_new/signext.v' instead.
WARNING: [Project 1-312] File not found as 'C:/Users/luzhe/pipeline_withoutcache_new/regFile.v'; using path 'C:/Users/luzhe/Desktop/pipeline_withoutcache_new/regFile.v' instead.
WARNING: [Project 1-312] File not found as 'C:/Users/luzhe/pipeline_withoutcache_new/memory.v'; using path 'C:/Users/luzhe/Desktop/pipeline_withoutcache_new/memory.v' instead.
WARNING: [Project 1-312] File not found as 'C:/Users/luzhe/pipeline_withoutcache_new/instructionMem.v'; using path 'C:/Users/luzhe/Desktop/pipeline_withoutcache_new/instructionMem.v' instead.
WARNING: [Project 1-312] File not found as 'C:/Users/luzhe/pipeline_withoutcache_new/control.v'; using path 'C:/Users/luzhe/Desktop/pipeline_withoutcache_new/control.v' instead.
WARNING: [Project 1-312] File not found as 'C:/Users/luzhe/pipeline_withoutcache_new/AluCtr.v'; using path 'C:/Users/luzhe/Desktop/pipeline_withoutcache_new/AluCtr.v' instead.
WARNING: [Project 1-312] File not found as 'C:/Users/luzhe/pipeline_withoutcache_new/Alu.v'; using path 'C:/Users/luzhe/Desktop/pipeline_withoutcache_new/Alu.v' instead.
WARNING: [Project 1-312] File not found as 'C:/Users/luzhe/pipeline_withoutcache_new/multiMips.v'; using path 'C:/Users/luzhe/Desktop/pipeline_withoutcache_new/multiMips.v' instead.
INFO: [IP_Flow 19-234] Refreshing IP repositories
INFO: [IP_Flow 19-1704] No user IP repositories specified
INFO: [IP_Flow 19-2313] Loaded Vivado IP repository 'C:/Xilinx/Vivado/2016.4/data/ip'.
open_project: Time (s): cpu = 00:00:10 ; elapsed = 00:00:07 . Memory (MB): peak = 784.730 ; gain = 111.688
launch_runs impl_2 -jobs 4
[Tue Jan 02 16:54:22 2018] Launched impl_2...
Run output will be captured here: C:/Users/luzhe/Desktop/project_1/project_1.runs/impl_2/runme.log
exit
INFO: [Common 17-206] Exiting Vivado at Tue Jan 02 17:29:27 2018...
